<?xml version="1.0" encoding="UTF-8"?>
<testsuite xmlns:xsi="http://www.w3.org/2001/XMLSchema-instance" xsi:noNamespaceSchemaLocation="https://maven.apache.org/surefire/maven-surefire-plugin/xsd/surefire-test-report.xsd" version="3.0.2" name="com.sistemaapollo.sistema_apollo.SistemaApolloApplicationTests" time="4.884" tests="1" errors="0" skipped="0" failures="0">
  <properties>
[...]
</properties>
  <testcase name="contextLoads" classname="com.sistemaapollo.sistema_apollo.SistemaApolloApplicationTests" time="0.303">
    <system-out><![CDATA[17:42:24.394 [main] INFO org.springframework.test.context.support.AnnotationConfigContextLoaderUtils -- Could not detect default configuration classes for test class [com.sistemaapollo.sistema_apollo.SistemaApolloApplicationTests]: SistemaApolloApplicationTests does not declare any static, non-private, non-final, nested classes annotated with @Configuration.
17:42:24.469 [main] INFO org.springframework.boot.test.context.SpringBootTestContextBootstrapper -- Found @SpringBootConfiguration com.sistemaapollo.sistema_apollo.SistemaApolloApplication for test class com.sistemaapollo.sistema_apollo.SistemaApolloApplicationTests
17:42:24.587 [main] INFO org.springframework.boot.devtools.restart.RestartApplicationListener -- Restart disabled due to context in which it is running

  .   ____          _            __ _ _
 /\\ / ___'_ __ _ _(_)_ __  __ _ \ \ \ \
( ( )\___ | '_ | '_| | '_ \/ _` | \ \ \ \
 \\/  ___)| |_)| | | | | || (_| |  ) ) ) )
  '  |____| .__|_| |_|_| |_\__, | / / / /
 =========|_|==============|___/=/_/_/_/

 :: Spring Boot ::               (v3.4.10)

2025-11-27T17:42:24.769-05:00  INFO 14916 --- [sistema-apollo] [           main] c.s.s.SistemaApolloApplicationTests      : Starting SistemaApolloApplicationTests using Java 21.0.9 with PID 14916 (started by Fabrizio in C:\Users\Fabrizio\Documents\GitHub\sistema-pollo)
2025-11-27T17:42:24.769-05:00  INFO 14916 --- [sistema-apollo] [           main] c.s.s.SistemaApolloApplicationTests      : No active profile set, falling back to 1 default profile: "default"
2025-11-27T17:42:25.322-05:00  INFO 14916 --- [sistema-apollo] [           main] .s.d.r.c.RepositoryConfigurationDelegate : Bootstrapping Spring Data JPA repositories in DEFAULT mode.
2025-11-27T17:42:25.378-05:00  INFO 14916 --- [sistema-apollo] [           main] .s.d.r.c.RepositoryConfigurationDelegate : Finished Spring Data repository scanning in 50 ms. Found 7 JPA repository interfaces.
2025-11-27T17:42:25.775-05:00  INFO 14916 --- [sistema-apollo] [           main] o.hibernate.jpa.internal.util.LogHelper  : HHH000204: Processing PersistenceUnitInfo [name: default]
2025-11-27T17:42:25.828-05:00  INFO 14916 --- [sistema-apollo] [           main] org.hibernate.Version                    : HHH000412: Hibernate ORM core version 6.6.29.Final
2025-11-27T17:42:25.860-05:00  INFO 14916 --- [sistema-apollo] [           main] o.h.c.internal.RegionFactoryInitiator    : HHH000026: Second-level cache disabled
2025-11-27T17:42:26.086-05:00  INFO 14916 --- [sistema-apollo] [           main] o.s.o.j.p.SpringPersistenceUnitInfo      : No LoadTimeWeaver setup: ignoring JPA class transformer
2025-11-27T17:42:26.118-05:00  INFO 14916 --- [sistema-apollo] [           main] com.zaxxer.hikari.HikariDataSource       : HikariPool-1 - Starting...
2025-11-27T17:42:26.350-05:00  INFO 14916 --- [sistema-apollo] [           main] com.zaxxer.hikari.pool.HikariPool        : HikariPool-1 - Added connection org.postgresql.jdbc.PgConnection@78bad03b
2025-11-27T17:42:26.350-05:00  INFO 14916 --- [sistema-apollo] [           main] com.zaxxer.hikari.HikariDataSource       : HikariPool-1 - Start completed.
2025-11-27T17:42:26.382-05:00  WARN 14916 --- [sistema-apollo] [           main] org.hibernate.orm.deprecation            : HHH90000025: PostgreSQLDialect does not need to be specified explicitly using 'hibernate.dialect' (remove the property setting and it will be selected by default)
2025-11-27T17:42:26.397-05:00  INFO 14916 --- [sistema-apollo] [           main] org.hibernate.orm.connections.pooling    : HHH10001005: Database info:
	Database JDBC URL [Connecting through datasource 'HikariDataSource (HikariPool-1)']
	Database driver: undefined/unknown
	Database version: 18.0
	Autocommit mode: undefined/unknown
	Isolation level: undefined/unknown
	Minimum pool size: undefined/unknown
	Maximum pool size: undefined/unknown
2025-11-27T17:42:27.121-05:00  INFO 14916 --- [sistema-apollo] [           main] o.h.e.t.j.p.i.JtaPlatformInitiator       : HHH000489: No JTA platform available (set 'hibernate.transaction.jta.platform' to enable JTA platform integration)
2025-11-27T17:42:27.449-05:00  INFO 14916 --- [sistema-apollo] [           main] j.LocalContainerEntityManagerFactoryBean : Initialized JPA EntityManagerFactory for persistence unit 'default'
2025-11-27T17:42:27.698-05:00  INFO 14916 --- [sistema-apollo] [           main] o.s.d.j.r.query.QueryEnhancerFactory     : Hibernate is in classpath; If applicable, HQL parser will be used.
2025-11-27T17:42:28.287-05:00  INFO 14916 --- [sistema-apollo] [           main] r$InitializeUserDetailsManagerConfigurer : Global AuthenticationManager configured with UserDetailsService bean with name customUserDetailsService
2025-11-27T17:42:28.303-05:00  WARN 14916 --- [sistema-apollo] [           main] JpaBaseConfiguration$JpaWebConfiguration : spring.jpa.open-in-view is enabled by default. Therefore, database queries may be performed during view rendering. Explicitly configure spring.jpa.open-in-view to disable this warning
2025-11-27T17:42:28.357-05:00  INFO 14916 --- [sistema-apollo] [           main] o.s.b.a.w.s.WelcomePageHandlerMapping    : Adding welcome page template: index
2025-11-27T17:42:28.852-05:00  INFO 14916 --- [sistema-apollo] [           main] c.s.s.SistemaApolloApplicationTests      : Started SistemaApolloApplicationTests in 4.274 seconds (process running for 4.928)
]]></system-out>
    <system-err><![CDATA[Mockito is currently self-attaching to enable the inline-mock-maker. This will no longer work in future releases of the JDK. Please add Mockito as an agent to your build what is described in Mockito's documentation: https://javadoc.io/doc/org.mockito/mockito-core/latest/org/mockito/Mockito.html#0.3
WARNING: A Java agent has been loaded dynamically (C:\Users\Fabrizio\.m2\repository\net\bytebuddy\byte-buddy-agent\1.15.11\byte-buddy-agent-1.15.11.jar)
WARNING: If a serviceability tool is in use, please run with -XX:+EnableDynamicAgentLoading to hide this warning
WARNING: If a serviceability tool is not in use, please run with -Djdk.instrument.traceUsage for more information
WARNING: Dynamic loading of agents will be disallowed by default in a future release
]]></system-err>
  </testcase>
</testsuite>